<?xml version="1.0" encoding="UTF-8"?>
<testng-results skipped="0" failed="0" ignored="0" total="1" passed="1">
  <reporter-output>
  </reporter-output>
  <suite name="Default suite" duration-ms="43054" started-at="2019-12-14T10:09:50Z" finished-at="2019-12-14T10:10:33Z">
    <groups>
    </groups>
    <test name="Default test" duration-ms="43054" started-at="2019-12-14T10:09:50Z" finished-at="2019-12-14T10:10:33Z">
      <class name="org.amazon.testcase.BuyingAmazonProduct">
        <test-method status="PASS" signature="setData()[pri:0, instance:org.amazon.testcase.BuyingAmazonProduct@57fffcd7]" name="setData" is-config="true" duration-ms="10" started-at="2019-12-14T10:09:50Z" finished-at="2019-12-14T10:09:50Z">
          <reporter-output>
          </reporter-output>
        </test-method> <!-- setData -->
        <test-method status="PASS" signature="launchBrowser()[pri:0, instance:org.amazon.testcase.BuyingAmazonProduct@57fffcd7]" name="launchBrowser" is-config="true" duration-ms="15231" started-at="2019-12-14T10:09:51Z" finished-at="2019-12-14T10:10:06Z">
          <reporter-output>
          </reporter-output>
        </test-method> <!-- launchBrowser -->
        <test-method status="PASS" signature="buyProduct(java.lang.String)[pri:0, instance:org.amazon.testcase.BuyingAmazonProduct@57fffcd7]" name="buyProduct" duration-ms="27067" started-at="2019-12-14T10:10:06Z" data-provider="sendData" finished-at="2019-12-14T10:10:33Z">
          <params>
            <param index="0">
              <value>
                <![CDATA[Samsung Galaxy M30]]>
              </value>
            </param>
          </params>
          <reporter-output>
          </reporter-output>
        </test-method> <!-- buyProduct -->
        <test-method status="PASS" signature="closeBrowser()[pri:0, instance:org.amazon.testcase.BuyingAmazonProduct@57fffcd7]" name="closeBrowser" is-config="true" duration-ms="39" started-at="2019-12-14T10:10:33Z" finished-at="2019-12-14T10:10:33Z">
          <reporter-output>
          </reporter-output>
        </test-method> <!-- closeBrowser -->
      </class> <!-- org.amazon.testcase.BuyingAmazonProduct -->
    </test> <!-- Default test -->
  </suite> <!-- Default suite -->
</testng-results>
